<?xml version="1.0" encoding="UTF-8"?>
<!-- Generated by org.testng.reporters.JUnitReportReporter -->
<testsuite skipped="0" hostname="DESKTOP-CNO1VAF" name="seleniumcoaching.MavenTest1" tests="1" failures="0" timestamp="11 Jan 2019 16:50:03 GMT" time="0.012" errors="0">
  <testcase name="f" time="0.012" classname="seleniumcoaching.MavenTest1"/>
</testsuite> <!-- seleniumcoaching.MavenTest1 -->
